2021-05-15 [13:15:20.444] [Server thread/INFO]: Loading server configuration
2021-05-15 [13:15:20.461] [Server thread/INFO]: Selected English (eng) as the base language
2021-05-15 [13:15:20.461] [Server thread/EMERGENCY]: You are running a PocketMine-MP DEVELOPMENT build, but your configuration does not permit running development builds.
2021-05-15 [13:15:20.462] [Server thread/EMERGENCY]: Development builds might have unexpected bugs, crash, break your plugins, corrupt all your data and more.
2021-05-15 [13:15:20.462] [Server thread/EMERGENCY]: Unless you're a developer and know what you're doing, please AVOID using development builds.
2021-05-15 [13:15:20.463] [Server thread/EMERGENCY]: To use this build anyway, set "settings.enable-dev-builds" to "true" in your pocketmine.yml.
2021-05-15 [13:15:20.464] [Server thread/EMERGENCY]: To download a stable build instead, visit https://github.com/pmmp/PocketMine-MP/releases.
2021-05-15 [13:15:20.471] [Server thread/INFO]: Stopping other threads
2021-05-15 [13:16:31.955] [Server thread/INFO]: Loading server configuration
2021-05-15 [13:16:31.972] [Server thread/INFO]: Selected English (eng) as the base language
2021-05-15 [13:16:31.972] [Server thread/WARNING]: ----------------------------------------
2021-05-15 [13:16:31.973] [Server thread/WARNING]: You are running a PocketMine-MP DEVELOPMENT build.
2021-05-15 [13:16:31.974] [Server thread/WARNING]: The API for this version may not be finalized. Plugins which run on this build may not work on other builds with the same API version.
2021-05-15 [13:16:31.974] [Server thread/WARNING]: The build may have bugs, crash, corrupt your data, or break your plugins.
2021-05-15 [13:16:31.975] [Server thread/WARNING]: ----------------------------------------
2021-05-15 [13:16:31.980] [Server thread/INFO]: Starting Minecraft: Bedrock Edition server version v1.16.220
2021-05-15 [13:16:31.989] [Server thread/INFO]: Online mode is enabled. The server will verify that players are authenticated to Xbox Live.
2021-05-15 [13:16:32.153] [Server thread/INFO]: This server is running PocketMine-MP version 4.0.0+dev
2021-05-15 [13:16:32.154] [Server thread/INFO]: PocketMine-MP is distributed under the LGPL License
2021-05-15 [13:16:32.471] [Server thread/INFO]: Loading resource packs...
2021-05-15 [13:16:32.553] [Server thread/INFO]: Preparing world "world"
2021-05-15 [13:16:32.565] [Server thread/NOTICE]: Spawn terrain for world "world" is being generated in the background
2021-05-15 [13:16:32.622] [Server thread/INFO]: Minecraft network interface running on 0.0.0.0:19132
2021-05-15 [13:16:32.624] [Server thread/INFO]: [Query Handler] GS4 Query listener running on 0.0.0.0:19132
2021-05-15 [13:16:32.627] [Server thread/INFO]: Default game type: Survival Mode
2021-05-15 [13:16:32.628] [Server thread/INFO]: If you find this project useful, please consider donating to support development: https://patreon.com/pocketminemp
2021-05-15 [13:16:32.628] [Server thread/INFO]: Done (0.675s)! For help, type "help" or "?"
2021-05-15 [13:16:33.193] [Server thread/INFO]: [World: world] Generating spawn terrain chunks: 1 / 224 (0%)
2021-05-15 [13:16:40.593] [Server thread/INFO]: [World: world] Generating spawn terrain chunks: 23 / 224 (10%)
2021-05-15 [13:16:43.353] [Server thread/INFO]: [World: world] Generating spawn terrain chunks: 45 / 224 (20%)
2021-05-15 [13:16:44.339] [Server thread/INFO]: [World: world] Generating spawn terrain chunks: 68 / 224 (30%)
2021-05-15 [13:16:45.042] [Server thread/INFO]: [World: world] Generating spawn terrain chunks: 90 / 224 (40%)
2021-05-15 [13:16:45.575] [Server thread/INFO]: [World: world] Generating spawn terrain chunks: 112 / 224 (50%)
2021-05-15 [13:16:45.967] [Server thread/INFO]: [World: world] Generating spawn terrain chunks: 135 / 224 (60%)
2021-05-15 [13:16:46.261] [Server thread/INFO]: [World: world] Generating spawn terrain chunks: 157 / 224 (70%)
2021-05-15 [13:16:46.707] [Server thread/INFO]: [World: world] Generating spawn terrain chunks: 180 / 224 (80%)
2021-05-15 [13:16:46.957] [Server thread/INFO]: [World: world] Generating spawn terrain chunks: 202 / 224 (90%)
2021-05-15 [13:16:47.184] [Server thread/INFO]: [World: world] Generating spawn terrain chunks: 224 / 224 (100%)
2021-05-15 [13:17:12.172] [Server thread/INFO]: This server is running PocketMine-MP 4.0.0+dev for Minecraft: Bedrock Edition v1.16.220 (protocol version 431)
2021-05-15 [13:17:13.347] [Server thread/INFO]: [NetworkSession: 192.168.1.1 64793] Session opened
2021-05-15 [13:17:13.388] [Server thread/INFO]: [NetworkSession: 192.168.1.1 64793] Player: NgLamVN
2021-05-15 [13:17:14.463] [Server thread/INFO]: NgLamVN[/192.168.1.1:64793] logged in with entity id 1 at (world, 256, 66, 256)
2021-05-15 [13:17:23.650] [Server thread/INFO]: NgLamVN joined the game
2021-05-15 [13:17:33.362] [Server thread/INFO]: [NgLamVN: Set own game mode to Creative Mode]
2021-05-15 [13:18:18.695] [Server thread/INFO]: Plugins (0):
2021-05-15 [13:18:32.056] [Server thread/INFO]: [CONSOLE: Stopping the server]
2021-05-15 [13:18:32.092] [Server thread/INFO]: NgLamVN left the game
2021-05-15 [13:18:32.107] [Server thread/INFO]: [NetworkSession: NgLamVN] Session closed due to Server closed
2021-05-15 [13:18:32.109] [Server thread/INFO]: Unloading world "world"
2021-05-15 [13:18:32.421] [Server thread/INFO]: Stopping other threads
